{
  "stats": {
    "suites": 1,
    "tests": 3,
    "passes": 3,
    "pending": 0,
    "failures": 0,
    "start": "2022-01-25T12:21:18.197Z",
    "end": "2022-01-25T12:21:37.128Z",
    "duration": 18931,
    "testsRegistered": 3,
    "passPercent": 100,
    "pendingPercent": 0,
    "other": 0,
    "hasOther": false,
    "skipped": 0,
    "hasSkipped": false
  },
  "results": [
    {
      "uuid": "7fba4ffc-8160-4609-8132-98d546826fd4",
      "title": "",
      "fullFile": "cypress/integration/suite/demoQATest.spec.js",
      "file": "cypress/integration/suite/demoQATest.spec.js",
      "beforeHooks": [],
      "afterHooks": [],
      "tests": [],
      "suites": [
        {
          "uuid": "13cd7c09-f0e0-436f-aca0-21052f044583",
          "title": "CaseStudyUI",
          "fullFile": "",
          "file": "",
          "beforeHooks": [],
          "afterHooks": [],
          "tests": [
            {
              "title": "TC1: Submit Text Box Form",
              "fullTitle": "CaseStudyUI TC1: Submit Text Box Form",
              "timedOut": null,
              "duration": 6250,
              "state": "passed",
              "speed": "medium",
              "pass": true,
              "fail": false,
              "pending": false,
              "context": null,
              "code": "hp.navigateToElementsPage();\nep.submitTextBoxForm(testData.fullName, testData.email, testData.currentAddress);",
              "err": {},
              "uuid": "c6ecd98d-b941-4f21-9e83-d7096d6d8746",
              "parentUUID": "13cd7c09-f0e0-436f-aca0-21052f044583",
              "isHook": false,
              "skipped": false
            },
            {
              "title": "TC2: Check whether user can search and select the book",
              "fullTitle": "CaseStudyUI TC2: Check whether user can search and select the book",
              "timedOut": null,
              "duration": 6362,
              "state": "passed",
              "speed": "medium",
              "pass": true,
              "fail": false,
              "pending": false,
              "context": null,
              "code": "hp.navigateToBookStorePage();\nep.searchBook(testData.bookName);",
              "err": {},
              "uuid": "2f9df2e1-bf12-49a5-a59d-a84f088a7e34",
              "parentUUID": "13cd7c09-f0e0-436f-aca0-21052f044583",
              "isHook": false,
              "skipped": false
            },
            {
              "title": "TC3: Check whether user can fill the student registration form",
              "fullTitle": "CaseStudyUI TC3: Check whether user can fill the student registration form",
              "timedOut": null,
              "duration": 5015,
              "state": "passed",
              "speed": "medium",
              "pass": true,
              "fail": false,
              "pending": false,
              "context": null,
              "code": "hp.navigateToFormsPage();\nep.fillStudentRegistrationForm(testData.credentialType);",
              "err": {},
              "uuid": "0b766b58-38c9-4f90-b39d-f8d9ab8a70ba",
              "parentUUID": "13cd7c09-f0e0-436f-aca0-21052f044583",
              "isHook": false,
              "skipped": false
            }
          ],
          "suites": [],
          "passes": [
            "c6ecd98d-b941-4f21-9e83-d7096d6d8746",
            "2f9df2e1-bf12-49a5-a59d-a84f088a7e34",
            "0b766b58-38c9-4f90-b39d-f8d9ab8a70ba"
          ],
          "failures": [],
          "pending": [],
          "skipped": [],
          "duration": 17627,
          "root": false,
          "rootEmpty": false,
          "_timeout": 2000
        }
      ],
      "passes": [],
      "failures": [],
      "pending": [],
      "skipped": [],
      "duration": 0,
      "root": true,
      "rootEmpty": true,
      "_timeout": 2000
    }
  ],
  "meta": {
    "mocha": {
      "version": "7.0.1"
    },
    "mochawesome": {
      "options": {
        "quiet": false,
        "reportFilename": "mochawesome",
        "saveHtml": true,
        "saveJson": true,
        "consoleReporter": "spec",
        "useInlineDiffs": false,
        "code": true
      },
      "version": "7.0.1"
    },
    "marge": {
      "options": {
        "id": "default",
        "reportDir": "cypress/results",
        "overwrite": false,
        "html": true,
        "json": true,
        "charts": true
      },
      "version": "6.0.1"
    }
  }
}