{
  "stats": {
    "suites": 1,
    "tests": 4,
    "passes": 4,
    "pending": 0,
    "failures": 0,
    "start": "2022-01-26T12:18:22.365Z",
    "end": "2022-01-26T12:18:23.705Z",
    "duration": 1340,
    "testsRegistered": 4,
    "passPercent": 100,
    "pendingPercent": 0,
    "other": 0,
    "hasOther": false,
    "skipped": 0,
    "hasSkipped": false
  },
  "results": [
    {
      "uuid": "b145062c-9e82-410a-bf2c-3e8349651f72",
      "title": "",
      "fullFile": "cypress/integration/suite/apiQuestion.spec.js",
      "file": "cypress/integration/suite/apiQuestion.spec.js",
      "beforeHooks": [],
      "afterHooks": [],
      "tests": [],
      "suites": [
        {
          "uuid": "01c30960-8ddc-4ddb-8c8f-d0a250ed72a3",
          "title": "CaseStudyAPI",
          "fullFile": "",
          "file": "",
          "beforeHooks": [],
          "afterHooks": [],
          "tests": [
            {
              "title": "TC1: Add new pet into the store with POST request",
              "fullTitle": "CaseStudyAPI TC1: Add new pet into the store with POST request",
              "timedOut": null,
              "duration": 802,
              "state": "passed",
              "speed": "fast",
              "pass": true,
              "fail": false,
              "pending": false,
              "context": null,
              "code": "cy.request({\n  method: \"POST\",\n  url: \"v2/pet\",\n  body: {\n    \"id\": 1287463,\n    \"category\": {\n      \"id\": 0,\n      \"name\": \"string\"\n    },\n    \"name\": \"daisy\",\n    \"photoUrls\": [\"string\"],\n    \"tags\": [{\n      \"id\": 0,\n      \"name\": \"string\"\n    }],\n    \"status\": \"available\"\n  },\n  headers: {\n    \"content-type\": \"application/json\"\n  }\n}).then(function (response) {\n  expect(response.body.name).equal(\"daisy\");\n});",
              "err": {},
              "uuid": "d3a2c653-881d-43dc-b41d-0206fbfbc829",
              "parentUUID": "01c30960-8ddc-4ddb-8c8f-d0a250ed72a3",
              "isHook": false,
              "skipped": false
            },
            {
              "title": "TC2: Retrieve newly added pet with GET request",
              "fullTitle": "CaseStudyAPI TC2: Retrieve newly added pet with GET request",
              "timedOut": null,
              "duration": 172,
              "state": "passed",
              "speed": "fast",
              "pass": true,
              "fail": false,
              "pending": false,
              "context": null,
              "code": "cy.request({\n  method: \"GET\",\n  url: \"v2/pet/1287463\",\n  retryOnStatusCodeFailure: true\n}).then(function (response) {\n  expect(response.body.id).equal(1287463);\n});",
              "err": {},
              "uuid": "33902c54-f7ba-45db-8ddf-009de6f33662",
              "parentUUID": "01c30960-8ddc-4ddb-8c8f-d0a250ed72a3",
              "isHook": false,
              "skipped": false
            },
            {
              "title": "TC3: Update the pet with PUT Request",
              "fullTitle": "CaseStudyAPI TC3: Update the pet with PUT Request",
              "timedOut": null,
              "duration": 171,
              "state": "passed",
              "speed": "fast",
              "pass": true,
              "fail": false,
              "pending": false,
              "context": null,
              "code": "cy.request({\n  method: \"PUT\",\n  url: \"v2/pet\",\n  body: {\n    \"id\": 1287463,\n    \"category\": {\n      \"id\": 0,\n      \"name\": \"string\"\n    },\n    \"name\": \"lilly\",\n    \"photoUrls\": [\"string\"],\n    \"tags\": [{\n      \"id\": 0,\n      \"name\": \"string\"\n    }],\n    \"status\": \"available\"\n  },\n  headers: {\n    \"content-type\": \"application/json\"\n  }\n}).then(function (response) {\n  expect(response.body.name).equal(\"lilly\");\n});",
              "err": {},
              "uuid": "6379b9cf-3990-46c6-9e1a-7108e2643696",
              "parentUUID": "01c30960-8ddc-4ddb-8c8f-d0a250ed72a3",
              "isHook": false,
              "skipped": false
            },
            {
              "title": "TC4: Delete the pet with DELETE Request",
              "fullTitle": "CaseStudyAPI TC4: Delete the pet with DELETE Request",
              "timedOut": null,
              "duration": 172,
              "state": "passed",
              "speed": "fast",
              "pass": true,
              "fail": false,
              "pending": false,
              "context": null,
              "code": "cy.request({\n  method: \"DELETE\",\n  url: \"v2/pet/1287463\"\n}).then(function (response) {\n  expect(response.body).to.deep.equal({\n    \"code\": 200,\n    \"type\": \"unknown\",\n    \"message\": \"1287463\"\n  });\n});",
              "err": {},
              "uuid": "9e132ef7-27ef-4727-9533-89f8a3457d37",
              "parentUUID": "01c30960-8ddc-4ddb-8c8f-d0a250ed72a3",
              "isHook": false,
              "skipped": false
            }
          ],
          "suites": [],
          "passes": [
            "d3a2c653-881d-43dc-b41d-0206fbfbc829",
            "33902c54-f7ba-45db-8ddf-009de6f33662",
            "6379b9cf-3990-46c6-9e1a-7108e2643696",
            "9e132ef7-27ef-4727-9533-89f8a3457d37"
          ],
          "failures": [],
          "pending": [],
          "skipped": [],
          "duration": 1317,
          "root": false,
          "rootEmpty": false,
          "_timeout": 2000
        }
      ],
      "passes": [],
      "failures": [],
      "pending": [],
      "skipped": [],
      "duration": 0,
      "root": true,
      "rootEmpty": true,
      "_timeout": 2000
    }
  ],
  "meta": {
    "mocha": {
      "version": "7.0.1"
    },
    "mochawesome": {
      "options": {
        "quiet": false,
        "reportFilename": "mochawesome",
        "saveHtml": true,
        "saveJson": true,
        "consoleReporter": "spec",
        "useInlineDiffs": false,
        "code": true
      },
      "version": "7.0.1"
    },
    "marge": {
      "options": {
        "id": "default",
        "reportDir": "cypress/results",
        "overwrite": false,
        "html": true,
        "json": true,
        "charts": true
      },
      "version": "6.0.1"
    }
  }
}