{
  "stats": {
    "suites": 2,
    "tests": 7,
    "passes": 7,
    "pending": 0,
    "failures": 0,
    "start": "2022-01-26T10:23:49.254Z",
    "end": "2022-01-26T10:24:09.215Z",
    "duration": 17590,
    "testsRegistered": 7,
    "passPercent": 100,
    "pendingPercent": 0,
    "other": 0,
    "hasOther": false,
    "skipped": 0,
    "hasSkipped": false
  },
  "results": [
    {
      "uuid": "ac1b55b2-32e4-45a7-bb1f-1ba0f1a124b7",
      "title": "",
      "fullFile": "cypress/integration/suite/apiTest.spec.js",
      "file": "cypress/integration/suite/apiTest.spec.js",
      "beforeHooks": [],
      "afterHooks": [],
      "tests": [],
      "suites": [
        {
          "uuid": "32aa3545-2683-48e0-ab49-06472b9beb34",
          "title": "CaseStudyAPI",
          "fullFile": "",
          "file": "",
          "beforeHooks": [],
          "afterHooks": [],
          "tests": [
            {
              "title": "TC1: Add new pet into the store with POST request",
              "fullTitle": "CaseStudyAPI TC1: Add new pet into the store with POST request",
              "timedOut": null,
              "duration": 874,
              "state": "passed",
              "speed": "fast",
              "pass": true,
              "fail": false,
              "pending": false,
              "context": null,
              "code": "cy.request({\n  method: \"POST\",\n  url: \"https://petstore.swagger.io/v2/pet\",\n  body: {\n    \"id\": 1287463,\n    \"category\": {\n      \"id\": 0,\n      \"name\": \"string\"\n    },\n    \"name\": \"daisy\",\n    \"photoUrls\": [\"string\"],\n    \"tags\": [{\n      \"id\": 0,\n      \"name\": \"string\"\n    }],\n    \"status\": \"available\"\n  },\n  headers: {\n    \"content-type\": \"application/json\"\n  }\n}).then(function (response) {\n  expect(response.body.name).equal(\"daisy\");\n});",
              "err": {},
              "uuid": "8ca455d4-dfc0-4134-bb4d-ba65e73282fe",
              "parentUUID": "32aa3545-2683-48e0-ab49-06472b9beb34",
              "isHook": false,
              "skipped": false
            },
            {
              "title": "TC2: Retrieve newly added pet with GET request",
              "fullTitle": "CaseStudyAPI TC2: Retrieve newly added pet with GET request",
              "timedOut": null,
              "duration": 163,
              "state": "passed",
              "speed": "fast",
              "pass": true,
              "fail": false,
              "pending": false,
              "context": null,
              "code": "cy.request({\n  method: \"GET\",\n  url: \"https://petstore.swagger.io/v2/pet/1287463\",\n  retryOnStatusCodeFailure: true\n}).then(function (response) {\n  expect(response.body.id).equal(1287463);\n});",
              "err": {},
              "uuid": "103fb6c6-cea0-4740-8cd5-3b2f64af22e2",
              "parentUUID": "32aa3545-2683-48e0-ab49-06472b9beb34",
              "isHook": false,
              "skipped": false
            },
            {
              "title": "TC3: Update the pet with PUT Request",
              "fullTitle": "CaseStudyAPI TC3: Update the pet with PUT Request",
              "timedOut": null,
              "duration": 162,
              "state": "passed",
              "speed": "fast",
              "pass": true,
              "fail": false,
              "pending": false,
              "context": null,
              "code": "cy.request({\n  method: \"PUT\",\n  url: \"https://petstore.swagger.io/v2/pet\",\n  body: {\n    \"id\": 1287463,\n    \"category\": {\n      \"id\": 0,\n      \"name\": \"string\"\n    },\n    \"name\": \"lilly\",\n    \"photoUrls\": [\"string\"],\n    \"tags\": [{\n      \"id\": 0,\n      \"name\": \"string\"\n    }],\n    \"status\": \"available\"\n  },\n  headers: {\n    \"content-type\": \"application/json\"\n  }\n}).then(function (response) {\n  expect(response.body.name).equal(\"lilly\");\n});",
              "err": {},
              "uuid": "390963ed-2ac3-4699-8fee-b91943a8d338",
              "parentUUID": "32aa3545-2683-48e0-ab49-06472b9beb34",
              "isHook": false,
              "skipped": false
            },
            {
              "title": "TC4: Delete the pet with DELETE Request",
              "fullTitle": "CaseStudyAPI TC4: Delete the pet with DELETE Request",
              "timedOut": null,
              "duration": 165,
              "state": "passed",
              "speed": "fast",
              "pass": true,
              "fail": false,
              "pending": false,
              "context": null,
              "code": "cy.request({\n  method: \"DELETE\",\n  url: \"https://petstore.swagger.io/v2/pet/1287463\"\n}).then(function (response) {\n  while (response.status != 200) {\n    console.log(\"ahmet\");\n  }\n  expect(response.body).to.deep.equal({\n    \"code\": 200,\n    \"type\": \"unknown\",\n    \"message\": \"1287463\"\n  });\n});",
              "err": {},
              "uuid": "d44951c7-b8f3-474c-909a-29d2a29b70be",
              "parentUUID": "32aa3545-2683-48e0-ab49-06472b9beb34",
              "isHook": false,
              "skipped": false
            }
          ],
          "suites": [],
          "passes": [
            "8ca455d4-dfc0-4134-bb4d-ba65e73282fe",
            "103fb6c6-cea0-4740-8cd5-3b2f64af22e2",
            "390963ed-2ac3-4699-8fee-b91943a8d338",
            "d44951c7-b8f3-474c-909a-29d2a29b70be"
          ],
          "failures": [],
          "pending": [],
          "skipped": [],
          "duration": 1364,
          "root": false,
          "rootEmpty": false,
          "_timeout": 2000
        }
      ],
      "passes": [],
      "failures": [],
      "pending": [],
      "skipped": [],
      "duration": 0,
      "root": true,
      "rootEmpty": true,
      "_timeout": 2000
    },
    {
      "uuid": "fc0cfa4a-9ead-4154-b188-5cf2b0c63d4c",
      "title": "",
      "fullFile": "cypress/integration/suite/demoQATest.spec.js",
      "file": "cypress/integration/suite/demoQATest.spec.js",
      "beforeHooks": [],
      "afterHooks": [],
      "tests": [],
      "suites": [
        {
          "uuid": "5942d5e7-68c6-402b-abf6-1addcedf77f2",
          "title": "CaseStudyUI",
          "fullFile": "",
          "file": "",
          "beforeHooks": [],
          "afterHooks": [],
          "tests": [
            {
              "title": "TC1: Submit Text Box Form",
              "fullTitle": "CaseStudyUI TC1: Submit Text Box Form",
              "timedOut": null,
              "duration": 5805,
              "state": "passed",
              "speed": "medium",
              "pass": true,
              "fail": false,
              "pending": false,
              "context": null,
              "code": "hp.navigateToElementsPage();\nep.submitTextBoxForm(testData.fullName, testData.email, testData.currentAddress);",
              "err": {},
              "uuid": "b054adc0-66e9-4efb-ae70-fe5f37783eb7",
              "parentUUID": "5942d5e7-68c6-402b-abf6-1addcedf77f2",
              "isHook": false,
              "skipped": false
            },
            {
              "title": "TC2: Check whether user can search and select the book",
              "fullTitle": "CaseStudyUI TC2: Check whether user can search and select the book",
              "timedOut": null,
              "duration": 5362,
              "state": "passed",
              "speed": "medium",
              "pass": true,
              "fail": false,
              "pending": false,
              "context": null,
              "code": "hp.navigateToBookStorePage();\nep.searchBook(testData.bookName);",
              "err": {},
              "uuid": "07143265-21fa-409d-bfe9-be0860d2fa81",
              "parentUUID": "5942d5e7-68c6-402b-abf6-1addcedf77f2",
              "isHook": false,
              "skipped": false
            },
            {
              "title": "TC3: Check whether user can fill the student registration form",
              "fullTitle": "CaseStudyUI TC3: Check whether user can fill the student registration form",
              "timedOut": null,
              "duration": 5059,
              "state": "passed",
              "speed": "medium",
              "pass": true,
              "fail": false,
              "pending": false,
              "context": null,
              "code": "hp.navigateToFormsPage();\nep.fillStudentRegistrationForm(testData.credentialType);",
              "err": {},
              "uuid": "a22d935a-7f3a-4ea6-944d-421ae9ffa3a8",
              "parentUUID": "5942d5e7-68c6-402b-abf6-1addcedf77f2",
              "isHook": false,
              "skipped": false
            }
          ],
          "suites": [],
          "passes": [
            "b054adc0-66e9-4efb-ae70-fe5f37783eb7",
            "07143265-21fa-409d-bfe9-be0860d2fa81",
            "a22d935a-7f3a-4ea6-944d-421ae9ffa3a8"
          ],
          "failures": [],
          "pending": [],
          "skipped": [],
          "duration": 16226,
          "root": false,
          "rootEmpty": false,
          "_timeout": 2000
        }
      ],
      "passes": [],
      "failures": [],
      "pending": [],
      "skipped": [],
      "duration": 0,
      "root": true,
      "rootEmpty": true,
      "_timeout": 2000
    }
  ],
  "meta": {
    "mocha": {
      "version": "7.0.1"
    },
    "mochawesome": {
      "options": {
        "quiet": false,
        "reportFilename": "mochawesome",
        "saveHtml": true,
        "saveJson": true,
        "consoleReporter": "spec",
        "useInlineDiffs": false,
        "code": true
      },
      "version": "7.0.1"
    },
    "marge": {
      "options": {
        "id": "default",
        "reportDir": "cypress/results",
        "overwrite": false,
        "html": true,
        "json": true,
        "charts": true
      },
      "version": "6.0.1"
    }
  }
}